#
# There is insufficient memory for the Java Runtime Environment to continue.
# Native memory allocation (mmap) failed to map 19922944 bytes for Failed to commit area from 0x00000000a9200000 to 0x00000000aa500000 of length 19922944.
# Possible reasons:
#   The system is out of physical RAM or swap space
#   The process is running with CompressedOops enabled, and the Java Heap may be blocking the growth of the native heap
# Possible solutions:
#   Reduce memory load on the system
#   Increase physical memory or swap space
#   Check if swap backing store is full
#   Decrease Java heap size (-Xmx/-Xms)
#   Decrease number of Java threads
#   Decrease Java thread stack sizes (-Xss)
#   Set larger code cache with -XX:ReservedCodeCacheSize=
#   JVM is running with Unscaled Compressed Oops mode in which the Java heap is
#     placed in the first 4GB address space. The Java Heap base address is the
#     maximum limit for the native heap growth. Please use -XX:HeapBaseMinAddress
#     to set the Java Heap base and to place the Java Heap above 4GB virtual address.
# This output file may be truncated or incomplete.
#
#  Out of Memory Error (t:/workspace/open/src/hotspot/os/windows/os_windows.cpp:3301), pid=11576, tid=1512
#
# JRE version: Java(TM) SE Runtime Environment (13.0.1+9) (build 13.0.1+9)
# Java VM: Java HotSpot(TM) 64-Bit Server VM (13.0.1+9, mixed mode, sharing, tiered, compressed oops, g1 gc, windows-amd64)
# No core dump will be written. Minidumps are not enabled by default on client versions of Windows
#

---------------  S U M M A R Y ------------

Command Line: -agentlib:jdwp=transport=dt_socket,suspend=y,address=localhost:50858 -Dcom.sun.management.jmxremote -Dcom.sun.management.jmxremote.port=50856 -Dcom.sun.management.jmxremote.authenticate=false -Dcom.sun.management.jmxremote.ssl=false -Djava.rmi.server.hostname=localhost -Dspring.jmx.enabled=true -Dspring.application.admin.enabled=true -Xverify:none -XX:TieredStopAtLevel=1 -Dfile.encoding=UTF-8 com.oussama.GestionMaladiesBackApplication

Host: Intel(R) Core(TM) i5 CPU       M 560  @ 2.67GHz, 4 cores, 5G,  Windows 10 , 64 bit Build 18362 (10.0.18362.329)
Time: Thu Jan  9 23:23:17 2020 Maroc (heure d?été) elapsed time: 5 seconds (0d 0h 0m 5s)

---------------  T H R E A D  ---------------

Current thread (0x0000021ed3935800):  VMThread "VM Thread" [stack: 0x000000a339200000,0x000000a339300000] [id=1512]

Stack: [0x000000a339200000,0x000000a339300000]
[error occurred during error reporting (printing stack bounds), id 0xc0000005, EXCEPTION_ACCESS_VIOLATION (0xc0000005) at pc=0x0000021ebed110bd]

Native frames: (J=compiled Java code, j=interpreted, Vv=VM code, C=native code)
V  [jvm.dll+0x626eca]
V  [jvm.dll+0x772c6a]
V  [jvm.dll+0x77441f]
V  [jvm.dll+0x774985]
V  [jvm.dll+0x77493b]
V  [jvm.dll+0x6266ff]
C  [ntdll.dll+0x78636]
C  [ntdll.dll+0x6a0d6]
C  [ntdll.dll+0x9fe6e]
C  0x0000021ebed110bd

VM_Operation (0x000000a338cfbba0): CollectForMetadataAllocation, mode: safepoint, requested by thread 0x0000021eb681e800


---------------  P R O C E S S  ---------------

Threads class SMR info:
_java_thread_list=0x0000021ed593b0b0, length=15, elements={
0x0000021eb681e800, 0x0000021ed3936800, 0x0000021ed3939800, 0x0000021ed3955800,
0x0000021ed3956000, 0x0000021ed3958000, 0x0000021ed42bf000, 0x0000021ed391e800,
0x0000021ed43d1800, 0x0000021ed43d3000, 0x0000021ed43d3800, 0x0000021ed43e2800,
0x0000021ed43d0000, 0x0000021ed4c02800, 0x0000021ed4c2c000
}

Java Threads: ( => current thread )
  0x0000021eb681e800 JavaThread "main" [_thread_blocked, id=12972, stack(0x000000a338c00000,0x000000a338d00000)]
  0x0000021ed3936800 JavaThread "Reference Handler" daemon [_thread_blocked, id=8720, stack(0x000000a339300000,0x000000a339400000)]
  0x0000021ed3939800 JavaThread "Finalizer" daemon [_thread_blocked, id=10712, stack(0x000000a339400000,0x000000a339500000)]
  0x0000021ed3955800 JavaThread "Signal Dispatcher" daemon [_thread_blocked, id=2188, stack(0x000000a339500000,0x000000a339600000)]
  0x0000021ed3956000 JavaThread "Attach Listener" daemon [_thread_blocked, id=6092, stack(0x000000a339600000,0x000000a339700000)]
  0x0000021ed3958000 JavaThread "C1 CompilerThread0" daemon [_thread_blocked, id=6668, stack(0x000000a339700000,0x000000a339800000)]
  0x0000021ed42bf000 JavaThread "Sweeper thread" daemon [_thread_blocked, id=11096, stack(0x000000a339800000,0x000000a339900000)]
  0x0000021ed391e800 JavaThread "Common-Cleaner" daemon [_thread_blocked, id=13280, stack(0x000000a339900000,0x000000a339a00000)]
  0x0000021ed43d1800 JavaThread "JDWP Transport Listener: dt_socket" daemon [_thread_blocked, id=3440, stack(0x000000a339a00000,0x000000a339b00000)]
  0x0000021ed43d3000 JavaThread "JDWP Event Helper Thread" daemon [_thread_blocked, id=9652, stack(0x000000a339b00000,0x000000a339c00000)]
  0x0000021ed43d3800 JavaThread "JDWP Command Reader" daemon [_thread_in_native, id=11692, stack(0x000000a339c00000,0x000000a339d00000)]
  0x0000021ed43e2800 JavaThread "Service Thread" daemon [_thread_blocked, id=7204, stack(0x000000a339d00000,0x000000a339e00000)]
  0x0000021ed43d0000 JavaThread "RMI TCP Accept-0" daemon [_thread_in_native, id=6844, stack(0x000000a339e00000,0x000000a339f00000)]
  0x0000021ed4c02800 JavaThread "RMI TCP Accept-50856" daemon [_thread_in_native, id=792, stack(0x000000a339f00000,0x000000a33a000000)]
  0x0000021ed4c2c000 JavaThread "RMI TCP Accept-0" daemon [_thread_in_native, id=11368, stack(0x000000a33a000000,0x000000a33a100000)]

Other Threads:
=>0x0000021ed3935800 VMThread "VM Thread" [stack: 0x000000a339200000,0x000000a339300000] [id=1512]
  0x0000021ed4c30000 WatcherThread [stack: 0x000000a33a100000,0x000000a33a200000] [id=1412]
  0x0000021eb6857800 GCTaskThread "GC Thread#0" [stack: 0x000000a338d00000,0x000000a338e00000] [id=6280]
  0x0000021ed4cf9000 GCTaskThread "GC Thread#1" [stack: 0x000000a33a200000,0x000000a33a300000] [id=10460]
  0x0000021ed5112000 GCTaskThread "GC Thread#2" [stack: 0x000000a33a600000,0x000000a33a700000] [id=8900]
  0x0000021ed5113000 GCTaskThread "GC Thread#3" [stack: 0x000000a33a700000,0x000000a33a800000] [id=12104]
  0x0000021eb6864800 ConcurrentGCThread "G1 Main Marker" [stack: 0x000000a338e00000,0x000000a338f00000] [id=3324]
  0x0000021eb6866800 ConcurrentGCThread "G1 Conc#0" [stack: 0x000000a338f00000,0x000000a339000000] [id=11108]
  0x0000021eb68de000 ConcurrentGCThread "G1 Refine#0" [stack: 0x000000a339000000,0x000000a339100000] [id=13252]
  0x0000021ed4527000 ConcurrentGCThread "G1 Refine#1" [stack: 0x000000a33a300000,0x000000a33a400000] [id=8868]
  0x0000021ed4d24800 ConcurrentGCThread "G1 Refine#2" [stack: 0x000000a33a400000,0x000000a33a500000] [id=5840]
  0x0000021ed37b7800 ConcurrentGCThread "G1 Young RemSet Sampling" [stack: 0x000000a339100000,0x000000a339200000] [id=2796]

Threads with active compile tasks:

VM state:at safepoint (normal execution)

VM Mutex/Monitor currently owned by a thread:  ([mutex/lock_event])
[0x0000021eb681b200] Threads_lock - owner thread: 0x0000021ed3935800
[0x0000021eb681bcb0] Heap_lock - owner thread: 0x0000021eb681e800

Heap address: 0x00000000a3400000, size: 1484 MB, Compressed Oops mode: 32-bit
Narrow klass base: 0x0000000800000000, Narrow klass shift: 3
Compressed class space size: 1073741824 Address: 0x0000000800b40000

Heap:
 garbage-first heap   total 115712K, used 13090K [0x00000000a3400000, 0x0000000100000000)
  region size 1024K, 4 young (4096K), 4 survivors (4096K)
 Metaspace       used 20399K, capacity 21192K, committed 21248K, reserved 1067008K
  class space    used 2774K, capacity 3069K, committed 3072K, reserved 1048576K
Heap Regions: E=young(eden), S=young(survivor), O=old, HS=humongous(starts), HC=humongous(continues), CS=collection set, F=free, A=archive, TAMS=top-at-mark-start (previous, next)
|   0|0x00000000a3400000, 0x00000000a3500000, 0x00000000a3500000|100%|HS|  |TAMS 0x00000000a3400000, 0x00000000a3500000| Complete 
|   1|0x00000000a3500000, 0x00000000a3600000, 0x00000000a3600000|100%| O|  |TAMS 0x00000000a3500000, 0x00000000a3600000| Untracked 
|   2|0x00000000a3600000, 0x00000000a3700000, 0x00000000a3700000|100%| O|  |TAMS 0x00000000a3600000, 0x00000000a3700000| Untracked 
|   3|0x00000000a3700000, 0x00000000a3800000, 0x00000000a3800000|100%| O|  |TAMS 0x00000000a3700000, 0x00000000a3800000| Untracked 
|   4|0x00000000a3800000, 0x00000000a3900000, 0x00000000a3900000|100%| O|  |TAMS 0x00000000a3800000, 0x00000000a3900000| Untracked 
|   5|0x00000000a3900000, 0x00000000a3a00000, 0x00000000a3a00000|100%| O|  |TAMS 0x00000000a3900000, 0x00000000a3a00000| Untracked 
|   6|0x00000000a3a00000, 0x00000000a3b00000, 0x00000000a3b00000|100%| O|  |TAMS 0x00000000a3a00000, 0x00000000a3ae4a00| Untracked 
|   7|0x00000000a3b00000, 0x00000000a3c00000, 0x00000000a3c00000|100%| O|  |TAMS 0x00000000a3b00000, 0x00000000a3b00000| Untracked 
|   8|0x00000000a3c00000, 0x00000000a3d00000, 0x00000000a3d00000|100%| O|  |TAMS 0x00000000a3c00000, 0x00000000a3c00000| Untracked 
|   9|0x00000000a3d00000, 0x00000000a3d4e800, 0x00000000a3e00000| 30%| O|  |TAMS 0x00000000a3d00000, 0x00000000a3d00000| Untracked 
|  10|0x00000000a3e00000, 0x00000000a3e00000, 0x00000000a3f00000|  0%| F|  |TAMS 0x00000000a3e00000, 0x00000000a3e00000| Untracked 
|  11|0x00000000a3f00000, 0x00000000a3f00000, 0x00000000a4000000|  0%| F|  |TAMS 0x00000000a3f00000, 0x00000000a3f00000| Untracked 
|  12|0x00000000a4000000, 0x00000000a4000000, 0x00000000a4100000|  0%| F|  |TAMS 0x00000000a4000000, 0x00000000a4000000| Untracked 
|  13|0x00000000a4100000, 0x00000000a4100000, 0x00000000a4200000|  0%| F|  |TAMS 0x00000000a4100000, 0x00000000a4100000| Untracked 
|  14|0x00000000a4200000, 0x00000000a4200000, 0x00000000a4300000|  0%| F|  |TAMS 0x00000000a4200000, 0x00000000a4200000| Untracked 
|  15|0x00000000a4300000, 0x00000000a4300000, 0x00000000a4400000|  0%| F|  |TAMS 0x00000000a4300000, 0x00000000a4300000| Untracked 
|  16|0x00000000a4400000, 0x00000000a4400000, 0x00000000a4500000|  0%| F|  |TAMS 0x00000000a4400000, 0x00000000a4400000| Untracked 
|  17|0x00000000a4500000, 0x00000000a4500000, 0x00000000a4600000|  0%| F|  |TAMS 0x00000000a4500000, 0x00000000a4500000| Untracked 
|  18|0x00000000a4600000, 0x00000000a4600000, 0x00000000a4700000|  0%| F|  |TAMS 0x00000000a4600000, 0x00000000a4600000| Untracked 
|  19|0x00000000a4700000, 0x00000000a4700000, 0x00000000a4800000|  0%| F|  |TAMS 0x00000000a4700000, 0x00000000a4700000| Untracked 
|  20|0x00000000a4800000, 0x00000000a4800000, 0x00000000a4900000|  0%| F|  |TAMS 0x00000000a4800000, 0x00000000a4800000| Untracked 
|  21|0x00000000a4900000, 0x00000000a4900000, 0x00000000a4a00000|  0%| F|  |TAMS 0x00000000a4900000, 0x00000000a4900000| Untracked 
|  22|0x00000000a4a00000, 0x00000000a4a00000, 0x00000000a4b00000|  0%| F|  |TAMS 0x00000000a4a00000, 0x00000000a4a00000| Untracked 
|  23|0x00000000a4b00000, 0x00000000a4b00000, 0x00000000a4c00000|  0%| F|  |TAMS 0x00000000a4b00000, 0x00000000a4b00000| Untracked 
|  24|0x00000000a4c00000, 0x00000000a4c00000, 0x00000000a4d00000|  0%| F|  |TAMS 0x00000000a4c00000, 0x00000000a4c00000| Untracked 
|  25|0x00000000a4d00000, 0x00000000a4d00000, 0x00000000a4e00000|  0%| F|  |TAMS 0x00000000a4d00000, 0x00000000a4d00000| Untracked 
|  26|0x00000000a4e00000, 0x00000000a4e00000, 0x00000000a4f00000|  0%| F|  |TAMS 0x00000000a4e00000, 0x00000000a4e00000| Untracked 
|  27|0x00000000a4f00000, 0x00000000a4f00000, 0x00000000a5000000|  0%| F|  |TAMS 0x00000000a4f00000, 0x00000000a4f00000| Untracked 
|  28|0x00000000a5000000, 0x00000000a5000000, 0x00000000a5100000|  0%| F|  |TAMS 0x00000000a5000000, 0x00000000a5000000| Untracked 
|  29|0x00000000a5100000, 0x00000000a5100000, 0x00000000a5200000|  0%| F|  |TAMS 0x00000000a5100000, 0x00000000a5100000| Untracked 
|  30|0x00000000a5200000, 0x00000000a5200000, 0x00000000a5300000|  0%| F|  |TAMS 0x00000000a5200000, 0x00000000a5200000| Untracked 
|  31|0x00000000a5300000, 0x00000000a5300000, 0x00000000a5400000|  0%| F|  |TAMS 0x00000000a5300000, 0x00000000a5300000| Untracked 
|  32|0x00000000a5400000, 0x00000000a5400000, 0x00000000a5500000|  0%| F|  |TAMS 0x00000000a5400000, 0x00000000a5400000| Untracked 
|  33|0x00000000a5500000, 0x00000000a5500000, 0x00000000a5600000|  0%| F|  |TAMS 0x00000000a5500000, 0x00000000a5500000| Untracked 
|  34|0x00000000a5600000, 0x00000000a5600000, 0x00000000a5700000|  0%| F|  |TAMS 0x00000000a5600000, 0x00000000a5600000| Untracked 
|  35|0x00000000a5700000, 0x00000000a5700000, 0x00000000a5800000|  0%| F|  |TAMS 0x00000000a5700000, 0x00000000a5700000| Untracked 
|  36|0x00000000a5800000, 0x00000000a5800000, 0x00000000a5900000|  0%| F|  |TAMS 0x00000000a5800000, 0x00000000a5800000| Untracked 
|  37|0x00000000a5900000, 0x00000000a5900000, 0x00000000a5a00000|  0%| F|  |TAMS 0x00000000a5900000, 0x00000000a5900000| Untracked 
|  38|0x00000000a5a00000, 0x00000000a5a00000, 0x00000000a5b00000|  0%| F|  |TAMS 0x00000000a5a00000, 0x00000000a5a00000| Untracked 
|  39|0x00000000a5b00000, 0x00000000a5b00000, 0x00000000a5c00000|  0%| F|  |TAMS 0x00000000a5b00000, 0x00000000a5b00000| Untracked 
|  40|0x00000000a5c00000, 0x00000000a5c00000, 0x00000000a5d00000|  0%| F|  |TAMS 0x00000000a5c00000, 0x00000000a5c00000| Untracked 
|  41|0x00000000a5d00000, 0x00000000a5d00000, 0x00000000a5e00000|  0%| F|  |TAMS 0x00000000a5d00000, 0x00000000a5d00000| Untracked 
|  42|0x00000000a5e00000, 0x00000000a5e00000, 0x00000000a5f00000|  0%| F|  |TAMS 0x00000000a5e00000, 0x00000000a5e00000| Untracked 
|  43|0x00000000a5f00000, 0x00000000a5f00000, 0x00000000a6000000|  0%| F|  |TAMS 0x00000000a5f00000, 0x00000000a5f00000| Untracked 
|  44|0x00000000a6000000, 0x00000000a6000000, 0x00000000a6100000|  0%| F|  |TAMS 0x00000000a6000000, 0x00000000a6000000| Untracked 
|  45|0x00000000a6100000, 0x00000000a6100000, 0x00000000a6200000|  0%| F|  |TAMS 0x00000000a6100000, 0x00000000a6100000| Untracked 
|  46|0x00000000a6200000, 0x00000000a6200000, 0x00000000a6300000|  0%| F|  |TAMS 0x00000000a6200000, 0x00000000a6200000| Untracked 
|  47|0x00000000a6300000, 0x00000000a6300000, 0x00000000a6400000|  0%| F|  |TAMS 0x00000000a6300000, 0x00000000a6300000| Untracked 
|  48|0x00000000a6400000, 0x00000000a6400000, 0x00000000a6500000|  0%| F|  |TAMS 0x00000000a6400000, 0x00000000a6400000| Untracked 
|  49|0x00000000a6500000, 0x00000000a6500000, 0x00000000a6600000|  0%| F|  |TAMS 0x00000000a6500000, 0x00000000a6500000| Untracked 
|  50|0x00000000a6600000, 0x00000000a6600000, 0x00000000a6700000|  0%| F|  |TAMS 0x00000000a6600000, 0x00000000a6600000| Untracked 
|  51|0x00000000a6700000, 0x00000000a6700000, 0x00000000a6800000|  0%| F|  |TAMS 0x00000000a6700000, 0x00000000a6700000| Untracked 
|  52|0x00000000a6800000, 0x00000000a6800000, 0x00000000a6900000|  0%| F|  |TAMS 0x00000000a6800000, 0x00000000a6800000| Untracked 
|  53|0x00000000a6900000, 0x00000000a6900000, 0x00000000a6a00000|  0%| F|  |TAMS 0x00000000a6900000, 0x00000000a6900000| Untracked 
|  54|0x00000000a6a00000, 0x00000000a6a00000, 0x00000000a6b00000|  0%| F|  |TAMS 0x00000000a6a00000, 0x00000000a6a00000| Untracked 
|  55|0x00000000a6b00000, 0x00000000a6b00000, 0x00000000a6c00000|  0%| F|  |TAMS 0x00000000a6b00000, 0x00000000a6b00000| Untracked 
|  56|0x00000000a6c00000, 0x00000000a6c00000, 0x00000000a6d00000|  0%| F|  |TAMS 0x00000000a6c00000, 0x00000000a6c00000| Untracked 
|  57|0x00000000a6d00000, 0x00000000a6d00000, 0x00000000a6e00000|  0%| F|  |TAMS 0x00000000a6d00000, 0x00000000a6d00000| Untracked 
|  58|0x00000000a6e00000, 0x00000000a6e00000, 0x00000000a6f00000|  0%| F|  |TAMS 0x00000000a6e00000, 0x00000000a6e00000| Untracked 
|  59|0x00000000a6f00000, 0x00000000a6f00000, 0x00000000a7000000|  0%| F|  |TAMS 0x00000000a6f00000, 0x00000000a6f00000| Untracked 
|  60|0x00000000a7000000, 0x00000000a7000000, 0x00000000a7100000|  0%| F|  |TAMS 0x00000000a7000000, 0x00000000a7000000| Untracked 
|  61|0x00000000a7100000, 0x00000000a7100000, 0x00000000a7200000|  0%| F|  |TAMS 0x00000000a7100000, 0x00000000a7100000| Untracked 
|  62|0x00000000a7200000, 0x00000000a7200000, 0x00000000a7300000|  0%| F|  |TAMS 0x00000000a7200000, 0x00000000a7200000| Untracked 
|  63|0x00000000a7300000, 0x00000000a7300000, 0x00000000a7400000|  0%| F|  |TAMS 0x00000000a7300000, 0x00000000a7300000| Untracked 
|  64|0x00000000a7400000, 0x00000000a7400000, 0x00000000a7500000|  0%| F|  |TAMS 0x00000000a7400000, 0x00000000a7400000| Untracked 
|  65|0x00000000a7500000, 0x00000000a7500000, 0x00000000a7600000|  0%| F|  |TAMS 0x00000000a7500000, 0x00000000a7500000| Untracked 
|  66|0x00000000a7600000, 0x00000000a7600000, 0x00000000a7700000|  0%| F|  |TAMS 0x00000000a7600000, 0x00000000a7600000| Untracked 
|  67|0x00000000a7700000, 0x00000000a7700000, 0x00000000a7800000|  0%| F|  |TAMS 0x00000000a7700000, 0x00000000a7700000| Untracked 
|  68|0x00000000a7800000, 0x00000000a7800000, 0x00000000a7900000|  0%| F|  |TAMS 0x00000000a7800000, 0x00000000a7800000| Untracked 
|  69|0x00000000a7900000, 0x00000000a7900000, 0x00000000a7a00000|  0%| F|  |TAMS 0x00000000a7900000, 0x00000000a7900000| Untracked 
|  70|0x00000000a7a00000, 0x00000000a7a00000, 0x00000000a7b00000|  0%| F|  |TAMS 0x00000000a7a00000, 0x00000000a7a00000| Untracked 
|  71|0x00000000a7b00000, 0x00000000a7b00000, 0x00000000a7c00000|  0%| F|  |TAMS 0x00000000a7b00000, 0x00000000a7b00000| Untracked 
|  72|0x00000000a7c00000, 0x00000000a7c00000, 0x00000000a7d00000|  0%| F|  |TAMS 0x00000000a7c00000, 0x00000000a7c00000| Untracked 
|  73|0x00000000a7d00000, 0x00000000a7d00000, 0x00000000a7e00000|  0%| F|  |TAMS 0x00000000a7d00000, 0x00000000a7d00000| Untracked 
|  74|0x00000000a7e00000, 0x00000000a7e00000, 0x00000000a7f00000|  0%| F|  |TAMS 0x00000000a7e00000, 0x00000000a7e00000| Untracked 
|  75|0x00000000a7f00000, 0x00000000a7f00000, 0x00000000a8000000|  0%| F|  |TAMS 0x00000000a7f00000, 0x00000000a7f00000| Untracked 
|  76|0x00000000a8000000, 0x00000000a8000000, 0x00000000a8100000|  0%| F|  |TAMS 0x00000000a8000000, 0x00000000a8000000| Untracked 
|  77|0x00000000a8100000, 0x00000000a8100000, 0x00000000a8200000|  0%| F|  |TAMS 0x00000000a8100000, 0x00000000a8100000| Untracked 
|  78|0x00000000a8200000, 0x00000000a8200000, 0x00000000a8300000|  0%| F|  |TAMS 0x00000000a8200000, 0x00000000a8200000| Untracked 
|  79|0x00000000a8300000, 0x00000000a8300000, 0x00000000a8400000|  0%| F|  |TAMS 0x00000000a8300000, 0x00000000a8300000| Untracked 
|  80|0x00000000a8400000, 0x00000000a8400000, 0x00000000a8500000|  0%| F|  |TAMS 0x00000000a8400000, 0x00000000a8400000| Untracked 
|  81|0x00000000a8500000, 0x00000000a8500000, 0x00000000a8600000|  0%| F|  |TAMS 0x00000000a8500000, 0x00000000a8500000| Untracked 
|  82|0x00000000a8600000, 0x00000000a8600000, 0x00000000a8700000|  0%| F|  |TAMS 0x00000000a8600000, 0x00000000a8600000| Untracked 
|  83|0x00000000a8700000, 0x00000000a8700000, 0x00000000a8800000|  0%| F|  |TAMS 0x00000000a8700000, 0x00000000a8700000| Untracked 
|  84|0x00000000a8800000, 0x00000000a8800000, 0x00000000a8900000|  0%| F|  |TAMS 0x00000000a8800000, 0x00000000a8800000| Untracked 
|  85|0x00000000a8900000, 0x00000000a8900000, 0x00000000a8a00000|  0%| F|  |TAMS 0x00000000a8900000, 0x00000000a8900000| Untracked 
|  86|0x00000000a8a00000, 0x00000000a8a00000, 0x00000000a8b00000|  0%| F|  |TAMS 0x00000000a8a00000, 0x00000000a8a00000| Untracked 
|  87|0x00000000a8b00000, 0x00000000a8b00000, 0x00000000a8c00000|  0%| F|  |TAMS 0x00000000a8b00000, 0x00000000a8b00000| Untracked 
|  88|0x00000000a8c00000, 0x00000000a8c00000, 0x00000000a8d00000|  0%| F|  |TAMS 0x00000000a8c00000, 0x00000000a8c00000| Untracked 
|  89|0x00000000a8d00000, 0x00000000a8d7a3b8, 0x00000000a8e00000| 47%| S|CS|TAMS 0x00000000a8d00000, 0x00000000a8d00000| Complete 
|  90|0x00000000a8e00000, 0x00000000a8f00000, 0x00000000a8f00000|100%| S|CS|TAMS 0x00000000a8e00000, 0x00000000a8e00000| Complete 
|  91|0x00000000a8f00000, 0x00000000a9000000, 0x00000000a9000000|100%| S|CS|TAMS 0x00000000a8f00000, 0x00000000a8f00000| Complete 
|  92|0x00000000a9000000, 0x00000000a9100000, 0x00000000a9100000|100%| S|CS|TAMS 0x00000000a9000000, 0x00000000a9000000| Complete 
|  93|0x00000000a9100000, 0x00000000a9100000, 0x00000000a9200000|  0%| F|  |TAMS 0x00000000a9100000, 0x00000000a9100000| Untracked 

Card table byte_map: [0x0000021ece000000,0x0000021ece2f0000] _byte_map_base: 0x0000021ecdae6000

Marking Bits (Prev, Next): (CMBitMap*) 0x0000021eb6858458, (CMBitMap*) 0x0000021eb6858498
 Prev Bits: [0x0000021ece5e0000, 0x0000021ecfd10000)
 Next Bits: [0x0000021ecfd10000, 0x0000021ed1440000)

Polling page: 0x0000021eb4750000

Metaspace:

Usage:
  Non-class:     17.70 MB capacity,    17.21 MB ( 97%) used,   422.13 KB (  2%) free+waste,    76.50 KB ( <1%) overhead. 
      Class:      3.00 MB capacity,     2.71 MB ( 90%) used,   254.85 KB (  8%) free+waste,    39.25 KB (  1%) overhead. 
       Both:     20.70 MB capacity,    19.92 MB ( 96%) used,   676.98 KB (  3%) free+waste,   115.75 KB ( <1%) overhead. 

Virtual space:
  Non-class space:       18.00 MB reserved,      17.75 MB ( 99%) committed 
      Class space:        1.00 GB reserved,       3.00 MB ( <1%) committed 
             Both:        1.02 GB reserved,      20.75 MB (  2%) committed 

Chunk freelists:
   Non-Class:  53.00 KB
       Class:  3.00 KB
        Both:  56.00 KB

MaxMetaspaceSize: 17179869184.00 GB
CompressedClassSpaceSize: 1.00 GB

CodeHeap 'non-profiled nmethods': size=238912Kb used=5101Kb max_used=5101Kb free=233810Kb
 bounds [0x0000021ebf3c0000, 0x0000021ebf8c0000, 0x0000021ecdd10000]
CodeHeap 'non-nmethods': size=6848Kb used=1294Kb max_used=1294Kb free=5553Kb
 bounds [0x0000021ebed10000, 0x0000021ebef80000, 0x0000021ebf3c0000]
 total_blobs=3743 nmethods=2985 adapters=404
 compilation: enabled
              stopped_count=0, restarted_count=0
 full_count=0

Compilation events (20 events):
Event: 5.266 Thread 0x0000021ed3958000 2994  s    1       java.util.zip.Inflater$InflaterZStreamRef::run (21 bytes)
Event: 5.267 Thread 0x0000021ed3958000 nmethod 2994 0x0000021ebf8b5a10 code [0x0000021ebf8b5bc0, 0x0000021ebf8b5ed0]
Event: 5.267 Thread 0x0000021ed3958000 2996       1       org.springframework.core.ResolvableType::getGeneric (90 bytes)
Event: 5.267 Thread 0x0000021ed3958000 nmethod 2996 0x0000021ebf8b5f90 code [0x0000021ebf8b6160, 0x0000021ebf8b6420]
Event: 5.267 Thread 0x0000021ed3958000 2997       1       org.springframework.core.annotation.AnnotationsScanner::processClass (123 bytes)
Event: 5.268 Thread 0x0000021ed3958000 nmethod 2997 0x0000021ebf8b6610 code [0x0000021ebf8b6860, 0x0000021ebf8b7130]
Event: 5.268 Thread 0x0000021ed3958000 2990       1       org.springframework.beans.factory.support.AbstractBeanFactory::getBean (9 bytes)
Event: 5.268 Thread 0x0000021ed3958000 nmethod 2990 0x0000021ebf8b7590 code [0x0000021ebf8b7740, 0x0000021ebf8b78d0]
Event: 5.269 Thread 0x0000021ed3958000 2998   !   1       java.util.zip.ZipFile$Source::release (50 bytes)
Event: 5.270 Thread 0x0000021ed3958000 nmethod 2998 0x0000021ebf8b7d90 code [0x0000021ebf8b7f80, 0x0000021ebf8b8490]
Event: 5.274 Thread 0x0000021ed3958000 2999   !   1       org.springframework.beans.factory.support.DefaultListableBeanFactory::updateManualSingletonNames (93 bytes)
Event: 5.275 Thread 0x0000021ed3958000 nmethod 2999 0x0000021ebf8b8790 code [0x0000021ebf8b89e0, 0x0000021ebf8b91c0]
Event: 5.275 Thread 0x0000021ed3958000 3000   !   1       org.springframework.boot.autoconfigure.condition.ConditionEvaluationReport::get (68 bytes)
Event: 5.276 Thread 0x0000021ed3958000 nmethod 3000 0x0000021ebf8b9510 code [0x0000021ebf8b9760, 0x0000021ebf8b9fc0]
Event: 5.276 Thread 0x0000021ed3958000 3002   !   1       com.sun.proxy.$Proxy19::annotationType (29 bytes)
Event: 5.276 Thread 0x0000021ed3958000 nmethod 3002 0x0000021ebf8ba590 code [0x0000021ebf8ba760, 0x0000021ebf8baa00]
Event: 5.276 Thread 0x0000021ed3958000 3001       1       org.springframework.boot.autoconfigure.condition.ConditionEvaluationReport::locateParent (40 bytes)
Event: 5.276 Thread 0x0000021ed3958000 nmethod 3001 0x0000021ebf8bab90 code [0x0000021ebf8bad60, 0x0000021ebf8bafa0]
Event: 5.277 Thread 0x0000021ed3958000 3003       1       java.util.ArrayList::addAll (76 bytes)
Event: 5.277 Thread 0x0000021ed3958000 nmethod 3003 0x0000021ebf8bb090 code [0x0000021ebf8bb260, 0x0000021ebf8bb610]

GC Heap History (13 events):
Event: 2.731 GC heap before
{Heap before GC invocations=0 (full 0):
 garbage-first heap   total 96256K, used 14336K [0x00000000a3400000, 0x0000000100000000)
  region size 1024K, 14 young (14336K), 0 survivors (0K)
 Metaspace       used 5259K, capacity 5707K, committed 5888K, reserved 1056768K
  class space    used 650K, capacity 744K, committed 768K, reserved 1048576K
}
Event: 2.744 GC heap after
{Heap after GC invocations=1 (full 0):
 garbage-first heap   total 96256K, used 7077K [0x00000000a3400000, 0x0000000100000000)
  region size 1024K, 2 young (2048K), 2 survivors (2048K)
 Metaspace       used 5259K, capacity 5707K, committed 5888K, reserved 1056768K
  class space    used 650K, capacity 744K, committed 768K, reserved 1048576K
}
Event: 2.806 GC heap before
{Heap before GC invocations=1 (full 0):
 garbage-first heap   total 96256K, used 9125K [0x00000000a3400000, 0x0000000100000000)
  region size 1024K, 4 young (4096K), 2 survivors (2048K)
 Metaspace       used 5623K, capacity 6018K, committed 6272K, reserved 1056768K
  class space    used 690K, capacity 786K, committed 896K, reserved 1048576K
}
Event: 2.812 GC heap after
{Heap after GC invocations=2 (full 0):
 garbage-first heap   total 96256K, used 7219K [0x00000000a3400000, 0x0000000100000000)
  region size 1024K, 1 young (1024K), 1 survivors (1024K)
 Metaspace       used 5623K, capacity 6018K, committed 6272K, reserved 1056768K
  class space    used 690K, capacity 786K, committed 896K, reserved 1048576K
}
Event: 3.279 GC heap before
{Heap before GC invocations=2 (full 0):
 garbage-first heap   total 96256K, used 26675K [0x00000000a3400000, 0x0000000100000000)
  region size 1024K, 20 young (20480K), 1 survivors (1024K)
 Metaspace       used 8860K, capacity 9250K, committed 9600K, reserved 1056768K
  class space    used 1145K, capacity 1290K, committed 1408K, reserved 1048576K
}
Event: 3.286 GC heap after
{Heap after GC invocations=3 (full 0):
 garbage-first heap   total 96256K, used 8138K [0x00000000a3400000, 0x0000000100000000)
  region size 1024K, 2 young (2048K), 2 survivors (2048K)
 Metaspace       used 8860K, capacity 9250K, committed 9600K, reserved 1056768K
  class space    used 1145K, capacity 1290K, committed 1408K, reserved 1048576K
}
Event: 3.794 GC heap before
{Heap before GC invocations=3 (full 0):
 garbage-first heap   total 96256K, used 54218K [0x00000000a3400000, 0x0000000100000000)
  region size 1024K, 47 young (48128K), 2 survivors (2048K)
 Metaspace       used 15403K, capacity 15953K, committed 16128K, reserved 1062912K
  class space    used 2055K, capacity 2243K, committed 2304K, reserved 1048576K
}
Event: 3.802 GC heap after
{Heap after GC invocations=4 (full 0):
 garbage-first heap   total 96256K, used 9777K [0x00000000a3400000, 0x0000000100000000)
  region size 1024K, 3 young (3072K), 3 survivors (3072K)
 Metaspace       used 15403K, capacity 15953K, committed 16128K, reserved 1062912K
  class space    used 2055K, capacity 2243K, committed 2304K, reserved 1048576K
}
Event: 4.132 GC heap before
{Heap before GC invocations=4 (full 0):
 garbage-first heap   total 96256K, used 63025K [0x00000000a3400000, 0x0000000100000000)
  region size 1024K, 56 young (57344K), 3 survivors (3072K)
 Metaspace       used 17224K, capacity 17854K, committed 17920K, reserved 1064960K
  class space    used 2306K, capacity 2537K, committed 2560K, reserved 1048576K
}
Event: 4.140 GC heap after
{Heap after GC invocations=5 (full 0):
 garbage-first heap   total 96256K, used 10687K [0x00000000a3400000, 0x0000000100000000)
  region size 1024K, 4 young (4096K), 4 survivors (4096K)
 Metaspace       used 17224K, capacity 17854K, committed 17920K, reserved 1064960K
  class space    used 2306K, capacity 2537K, committed 2560K, reserved 1048576K
}
Event: 5.242 GC heap before
{Heap before GC invocations=5 (full 0):
 garbage-first heap   total 96256K, used 63935K [0x00000000a3400000, 0x0000000100000000)
  region size 1024K, 56 young (57344K), 4 survivors (4096K)
 Metaspace       used 20365K, capacity 21128K, committed 21248K, reserved 1067008K
  class space    used 2770K, capacity 3069K, committed 3072K, reserved 1048576K
}
Event: 5.258 GC heap after
{Heap after GC invocations=6 (full 0):
 garbage-first heap   total 96256K, used 13163K [0x00000000a3400000, 0x0000000100000000)
  region size 1024K, 6 young (6144K), 6 survivors (6144K)
 Metaspace       used 20365K, capacity 21128K, committed 21248K, reserved 1067008K
  class space    used 2770K, capacity 3069K, committed 3072K, reserved 1048576K
}
Event: 5.280 GC heap before
{Heap before GC invocations=6 (full 0):
 garbage-first heap   total 96256K, used 13163K [0x00000000a3400000, 0x0000000100000000)
  region size 1024K, 7 young (7168K), 6 survivors (6144K)
 Metaspace       used 20399K, capacity 21192K, committed 21248K, reserved 1067008K
  class space    used 2774K, capacity 3069K, committed 3072K, reserved 1048576K
}

Deoptimization events (20 events):
Event: 5.104 Thread 0x0000021eb681e800 DEOPT PACKING pc=0x0000021ebf58a604 sp=0x000000a338cfd570
Event: 5.104 Thread 0x0000021eb681e800 DEOPT UNPACKING pc=0x0000021ebed5993f sp=0x000000a338cfca08 mode 1
Event: 5.104 Thread 0x0000021eb681e800 DEOPT PACKING pc=0x0000021ebf56233c sp=0x000000a338cfd640
Event: 5.104 Thread 0x0000021eb681e800 DEOPT UNPACKING pc=0x0000021ebed5993f sp=0x000000a338cfcaf8 mode 1
Event: 5.104 Thread 0x0000021eb681e800 DEOPT PACKING pc=0x0000021ebf4f7ff4 sp=0x000000a338cfe0e0
Event: 5.104 Thread 0x0000021eb681e800 DEOPT UNPACKING pc=0x0000021ebed5993f sp=0x000000a338cfd5d0 mode 1
Event: 5.104 Thread 0x0000021eb681e800 DEOPT PACKING pc=0x0000021ebf58a604 sp=0x000000a338cfd4c0
Event: 5.104 Thread 0x0000021eb681e800 DEOPT UNPACKING pc=0x0000021ebed5993f sp=0x000000a338cfc958 mode 1
Event: 5.104 Thread 0x0000021eb681e800 DEOPT PACKING pc=0x0000021ebf56233c sp=0x000000a338cfd590
Event: 5.104 Thread 0x0000021eb681e800 DEOPT UNPACKING pc=0x0000021ebed5993f sp=0x000000a338cfca48 mode 1
Event: 5.104 Thread 0x0000021eb681e800 DEOPT PACKING pc=0x0000021ebf4f7ff4 sp=0x000000a338cfe030
Event: 5.104 Thread 0x0000021eb681e800 DEOPT UNPACKING pc=0x0000021ebed5993f sp=0x000000a338cfd508 mode 1
Event: 5.104 Thread 0x0000021eb681e800 DEOPT PACKING pc=0x0000021ebf70e6ac sp=0x000000a338cfe0d0
Event: 5.104 Thread 0x0000021eb681e800 DEOPT UNPACKING pc=0x0000021ebed5993f sp=0x000000a338cfd668 mode 1
Event: 5.105 Thread 0x0000021eb681e800 DEOPT PACKING pc=0x0000021ebf58a604 sp=0x000000a338cfd570
Event: 5.105 Thread 0x0000021eb681e800 DEOPT UNPACKING pc=0x0000021ebed5993f sp=0x000000a338cfca08 mode 1
Event: 5.105 Thread 0x0000021eb681e800 DEOPT PACKING pc=0x0000021ebf56233c sp=0x000000a338cfd640
Event: 5.105 Thread 0x0000021eb681e800 DEOPT UNPACKING pc=0x0000021ebed5993f sp=0x000000a338cfcaf8 mode 1
Event: 5.105 Thread 0x0000021eb681e800 DEOPT PACKING pc=0x0000021ebf4f7ff4 sp=0x000000a338cfe0e0
Event: 5.105 Thread 0x0000021eb681e800 DEOPT UNPACKING pc=0x0000021ebed5993f sp=0x000000a338cfd5d0 mode 1

Classes unloaded (0 events):
No events

Classes redefined (0 events):
No events

Internal exceptions (20 events):
Event: 3.727 Thread 0x0000021eb681e800 Exception <a 'java/lang/ClassNotFoundException'{0x00000000a6afda38}: org/springframework/context/annotation/ConfigurationClassPostProcessorCustomizer> (0x00000000a6afda38) 
thrown [t:/workspace/open/src/hotspot/share/classfile/systemDictionary.cpp, line 232]
Event: 3.736 Thread 0x0000021eb681e800 Exception <a 'java/lang/ClassNotFoundException'{0x00000000a69d7540}: org/springframework/beans/factory/support/BeanDefinitionRegistryPostProcessorCustomizer> (0x00000000a69d7540) 
thrown [t:/workspace/open/src/hotspot/share/classfile/systemDictionary.cpp, line 232]
Event: 3.737 Thread 0x0000021eb681e800 Exception <a 'java/lang/ClassNotFoundException'{0x00000000a68bc178}: org/springframework/beans/factory/config/BeanFactoryPostProcessorCustomizer> (0x00000000a68bc178) 
thrown [t:/workspace/open/src/hotspot/share/classfile/systemDictionary.cpp, line 232]
Event: 3.738 Thread 0x0000021eb681e800 Exception <a 'java/lang/ClassNotFoundException'{0x00000000a68ca1e0}: org/springframework/core/PriorityOrderedCustomizer> (0x00000000a68ca1e0) 
thrown [t:/workspace/open/src/hotspot/share/classfile/systemDictionary.cpp, line 232]
Event: 3.739 Thread 0x0000021eb681e800 Exception <a 'java/lang/ClassNotFoundException'{0x00000000a68d6208}: org/springframework/core/OrderedCustomizer> (0x00000000a68d6208) 
thrown [t:/workspace/open/src/hotspot/share/classfile/systemDictionary.cpp, line 232]
Event: 3.740 Thread 0x0000021eb681e800 Exception <a 'java/lang/ClassNotFoundException'{0x00000000a68e48a8}: org/springframework/context/ResourceLoaderAwareCustomizer> (0x00000000a68e48a8) 
thrown [t:/workspace/open/src/hotspot/share/classfile/systemDictionary.cpp, line 232]
Event: 3.741 Thread 0x0000021eb681e800 Exception <a 'java/lang/ClassNotFoundException'{0x00000000a68f23f0}: org/springframework/beans/factory/AwareCustomizer> (0x00000000a68f23f0) 
thrown [t:/workspace/open/src/hotspot/share/classfile/systemDictionary.cpp, line 232]
Event: 3.742 Thread 0x0000021eb681e800 Exception <a 'java/lang/ClassNotFoundException'{0x00000000a675d850}: org/springframework/beans/factory/BeanClassLoaderAwareCustomizer> (0x00000000a675d850) 
thrown [t:/workspace/open/src/hotspot/share/classfile/systemDictionary.cpp, line 232]
Event: 3.742 Thread 0x0000021eb681e800 Exception <a 'java/lang/ClassNotFoundException'{0x00000000a676b3b0}: org/springframework/beans/factory/AwareCustomizer> (0x00000000a676b3b0) 
thrown [t:/workspace/open/src/hotspot/share/classfile/systemDictionary.cpp, line 232]
Event: 3.743 Thread 0x0000021eb681e800 Exception <a 'java/lang/ClassNotFoundException'{0x00000000a6778938}: org/springframework/context/EnvironmentAwareCustomizer> (0x00000000a6778938) 
thrown [t:/workspace/open/src/hotspot/share/classfile/systemDictionary.cpp, line 232]
Event: 3.744 Thread 0x0000021eb681e800 Exception <a 'java/lang/ClassNotFoundException'{0x00000000a67863e8}: org/springframework/beans/factory/AwareCustomizer> (0x00000000a67863e8) 
thrown [t:/workspace/open/src/hotspot/share/classfile/systemDictionary.cpp, line 232]
Event: 3.836 Thread 0x0000021ed4f61800 Exception <a 'java/lang/NoSuchMethodError'{0x00000000a8e1dee0}: 'long java.lang.invoke.DirectMethodHandle$Holder.invokeStatic(java.lang.Object, java.lang.Object)'> (0x00000000a8e1dee0) 
thrown [t:/workspace/open/src/hotspot/share/interpreter/linkResolver.cpp, line 767]
Event: 3.837 Thread 0x0000021ed4f61800 Exception <a 'java/lang/NoSuchMethodError'{0x00000000a8e20be8}: 'long java.lang.invoke.DirectMethodHandle$Holder.invokeStaticInit(java.lang.Object, java.lang.Object)'> (0x00000000a8e20be8) 
thrown [t:/workspace/open/src/hotspot/share/interpreter/linkResolver.cpp, line 767]
Event: 3.842 Thread 0x0000021ed4f61800 Exception <a 'java/lang/NoSuchMethodError'{0x00000000a8e5a1f8}: 'long java.lang.invoke.DirectMethodHandle$Holder.invokeInterface(java.lang.Object, java.lang.Object)'> (0x00000000a8e5a1f8) 
thrown [t:/workspace/open/src/hotspot/share/interpreter/linkResolver.cpp, line 767]
Event: 3.842 Thread 0x0000021ed4f61800 Exception <a 'java/lang/IncompatibleClassChangeError'{0x00000000a8e5cd20}: Found class java.lang.Object, but interface was expected> (0x00000000a8e5cd20) 
thrown [t:/workspace/open/src/hotspot/share/interpreter/linkResolver.cpp, line 833]
Event: 3.864 Thread 0x0000021ed4f61800 Exception <a 'java/lang/NoSuchMethodError'{0x00000000a8dcdc78}: 'java.lang.Object java.lang.invoke.DirectMethodHandle$Holder.invokeVirtual(java.lang.Object, java.lang.Object, java.lang.Object, java.lang.Object)'> (0x00000000a8dcdc78) 
thrown [t:/workspace/open/src/hotspot/share/interpreter/linkResolver.cpp, line 767]
Event: 4.008 Thread 0x0000021eb681e800 Exception <a 'java/lang/IncompatibleClassChangeError'{0x00000000a5fb06d8}: Found class java.lang.Object, but interface was expected> (0x00000000a5fb06d8) 
thrown [t:/workspace/open/src/hotspot/share/interpreter/linkResolver.cpp, line 833]
Event: 4.040 Thread 0x0000021eb681e800 Exception <a 'java/lang/NoSuchMethodError'{0x00000000a5eec078}: 'void java.lang.invoke.DirectMethodHandle$Holder.invokeInterface(java.lang.Object, java.lang.Object, java.lang.Object, java.lang.Object)'> (0x00000000a5eec078) 
thrown [t:/workspace/open/src/hotspot/share/interpreter/linkResolver.cpp, line 767]
Event: 5.076 Thread 0x0000021eb681e800 Exception <a 'java/lang/NoSuchMethodError'{0x00000000a65ce340}: 'java.lang.Object java.lang.invoke.DirectMethodHandle$Holder.invokeStatic(java.lang.Object, java.lang.Object, java.lang.Object, java.lang.Object, int)'> (0x00000000a65ce340) 
thrown [t:/workspace/open/src/hotspot/share/interpreter/linkResolver.cpp, line 767]
Event: 5.119 Thread 0x0000021eb681e800 Exception <a 'java/lang/NoSuchMethodError'{0x00000000a63a7ed8}: 'java.lang.Object java.lang.invoke.DirectMethodHandle$Holder.invokeSpecialIFC(java.lang.Object, java.lang.Object, java.lang.Object, java.lang.Object)'> (0x00000000a63a7ed8) 
thrown [t:/workspace/open/src/hotspot/share/interpreter/linkResolver.cpp, line 767]

Events (20 events):
Event: 5.263 Executing VM operation: BulkRevokeBias done
Event: 5.266 Loaded shared library C:\Program Files\Java\jdk-13.0.1\bin\zip.dll
Event: 5.266 loading class org/springframework/boot/autoconfigure/jdbc/NamedParameterJdbcTemplateConfiguration
Event: 5.266 loading class org/springframework/boot/autoconfigure/jdbc/NamedParameterJdbcTemplateConfiguration done
Event: 5.267 Loaded shared library C:\Program Files\Java\jdk-13.0.1\bin\zip.dll
Event: 5.268 Loaded shared library C:\Program Files\Java\jdk-13.0.1\bin\zip.dll
Event: 5.269 Loaded shared library C:\Program Files\Java\jdk-13.0.1\bin\zip.dll
Event: 5.274 loading class org/springframework/boot/autoconfigure/security/servlet/SecurityAutoConfiguration
Event: 5.274 loading class org/springframework/boot/autoconfigure/security/servlet/SecurityAutoConfiguration done
Event: 5.275 loading class org/springframework/boot/autoconfigure/security/servlet/UserDetailsServiceAutoConfiguration
Event: 5.275 loading class org/springframework/boot/autoconfigure/security/servlet/UserDetailsServiceAutoConfiguration done
Event: 5.275 loading class org/springframework/boot/autoconfigure/security/oauth2/resource/OAuth2ResourceServerProperties
Event: 5.275 loading class org/springframework/boot/autoconfigure/security/oauth2/resource/OAuth2ResourceServerProperties done
Event: 5.277 loading class org/springframework/boot/autoconfigure/task/TaskSchedulingProperties
Event: 5.277 loading class org/springframework/boot/autoconfigure/task/TaskSchedulingProperties done
Event: 5.278 loading class org/springframework/boot/task/TaskSchedulerBuilder
Event: 5.278 loading class org/springframework/boot/task/TaskSchedulerBuilder done
Event: 5.279 loading class org/springframework/jdbc/core/namedparam/NamedParameterJdbcTemplate
Event: 5.279 loading class org/springframework/jdbc/core/namedparam/NamedParameterJdbcTemplate done
Event: 5.280 Executing VM operation: CollectForMetadataAllocation


Dynamic libraries:
0x00007ff762b10000 - 0x00007ff762b1f000 	C:\Program Files\Java\jdk-13.0.1\bin\javaw.exe
0x00007ffe61600000 - 0x00007ffe617f0000 	C:\WINDOWS\SYSTEM32\ntdll.dll
0x00007ffe60eb0000 - 0x00007ffe60f62000 	C:\WINDOWS\System32\KERNEL32.DLL
0x00007ffe5f400000 - 0x00007ffe5f6a3000 	C:\WINDOWS\System32\KERNELBASE.dll
0x00007ffe5f100000 - 0x00007ffe5f1fa000 	C:\WINDOWS\System32\ucrtbase.dll
0x00007ffe57f30000 - 0x00007ffe57f45000 	C:\Program Files\Java\jdk-13.0.1\bin\VCRUNTIME140.dll
0x00007ffe57ee0000 - 0x00007ffe57ef8000 	C:\Program Files\Java\jdk-13.0.1\bin\jli.dll
0x00007ffe60990000 - 0x00007ffe60a33000 	C:\WINDOWS\System32\ADVAPI32.dll
0x00007ffe61020000 - 0x00007ffe610be000 	C:\WINDOWS\System32\msvcrt.dll
0x00007ffe60c70000 - 0x00007ffe60d07000 	C:\WINDOWS\System32\sechost.dll
0x00007ffe60b10000 - 0x00007ffe60c30000 	C:\WINDOWS\System32\RPCRT4.dll
0x00007ffe60d10000 - 0x00007ffe60ea4000 	C:\WINDOWS\System32\USER32.dll
0x00007ffe5e5b0000 - 0x00007ffe5e5d1000 	C:\WINDOWS\System32\win32u.dll
0x00007ffe601b0000 - 0x00007ffe601d6000 	C:\WINDOWS\System32\GDI32.dll
0x00007ffe5e7e0000 - 0x00007ffe5e974000 	C:\WINDOWS\System32\gdi32full.dll
0x00007ffe5e740000 - 0x00007ffe5e7de000 	C:\WINDOWS\System32\msvcp_win.dll
0x00007ffe47590000 - 0x00007ffe47815000 	C:\WINDOWS\WinSxS\amd64_microsoft.windows.common-controls_6595b64144ccf1df_6.0.18362.535_none_e6c3b34713100821\COMCTL32.dll
0x00007ffe5f720000 - 0x00007ffe5fa56000 	C:\WINDOWS\System32\combase.dll
0x00007ffe5f380000 - 0x00007ffe5f400000 	C:\WINDOWS\System32\bcryptPrimitives.dll
0x00007ffe4a220000 - 0x00007ffe4a22a000 	C:\WINDOWS\SYSTEM32\VERSION.dll
0x00007ffe60c30000 - 0x00007ffe60c5e000 	C:\WINDOWS\System32\IMM32.DLL
0x00007ffe44410000 - 0x00007ffe444ab000 	C:\Program Files\Java\jdk-13.0.1\bin\msvcp140.dll
0x00007ffe438a0000 - 0x00007ffe44406000 	C:\Program Files\Java\jdk-13.0.1\bin\server\jvm.dll
0x00007ffe60c60000 - 0x00007ffe60c68000 	C:\WINDOWS\System32\PSAPI.DLL
0x00007ffe28880000 - 0x00007ffe28889000 	C:\WINDOWS\SYSTEM32\WSOCK32.dll
0x00007ffe5f6b0000 - 0x00007ffe5f71f000 	C:\WINDOWS\System32\WS2_32.dll
0x00007ffe5bef0000 - 0x00007ffe5bf14000 	C:\WINDOWS\SYSTEM32\WINMM.dll
0x00007ffe5bec0000 - 0x00007ffe5beed000 	C:\WINDOWS\SYSTEM32\WINMMBASE.dll
0x00007ffe5e6f0000 - 0x00007ffe5e73a000 	C:\WINDOWS\System32\cfgmgr32.dll
0x00007ffe5e570000 - 0x00007ffe5e581000 	C:\WINDOWS\System32\kernel.appcore.dll
0x00007ffe55680000 - 0x00007ffe55690000 	C:\Program Files\Java\jdk-13.0.1\bin\verify.dll
0x00007ffe24cc0000 - 0x00007ffe24eb4000 	C:\WINDOWS\SYSTEM32\DBGHELP.DLL
0x00007ffe2e930000 - 0x00007ffe2e95a000 	C:\WINDOWS\SYSTEM32\dbgcore.DLL
0x00007ffe46a00000 - 0x00007ffe46a26000 	C:\Program Files\Java\jdk-13.0.1\bin\java.dll
0x00007ffe43860000 - 0x00007ffe43898000 	C:\Program Files\Java\jdk-13.0.1\bin\jdwp.dll
0x00007ffe469e0000 - 0x00007ffe469f7000 	C:\Program Files\Java\jdk-13.0.1\bin\zip.dll
0x00007ffe55670000 - 0x00007ffe5567a000 	C:\Program Files\Java\jdk-13.0.1\bin\jimage.dll
0x00007ffe5fac0000 - 0x00007ffe601a5000 	C:\WINDOWS\System32\SHELL32.dll
0x00007ffe60f70000 - 0x00007ffe61019000 	C:\WINDOWS\System32\shcore.dll
0x00007ffe5e980000 - 0x00007ffe5f0ff000 	C:\WINDOWS\System32\windows.storage.dll
0x00007ffe5e550000 - 0x00007ffe5e56f000 	C:\WINDOWS\System32\profapi.dll
0x00007ffe5e4e0000 - 0x00007ffe5e52a000 	C:\WINDOWS\System32\powrprof.dll
0x00007ffe5e4d0000 - 0x00007ffe5e4e0000 	C:\WINDOWS\System32\UMPDC.dll
0x00007ffe60410000 - 0x00007ffe60462000 	C:\WINDOWS\System32\shlwapi.dll
0x00007ffe5e590000 - 0x00007ffe5e5a7000 	C:\WINDOWS\System32\cryptsp.dll
0x00007ffe54dd0000 - 0x00007ffe54ddb000 	C:\Program Files\Java\jdk-13.0.1\bin\dt_socket.dll
0x00007ffe5dd40000 - 0x00007ffe5dda7000 	C:\WINDOWS\system32\mswsock.dll
0x00007ffe5da90000 - 0x00007ffe5db5a000 	C:\WINDOWS\SYSTEM32\DNSAPI.dll
0x00007ffe615b0000 - 0x00007ffe615b8000 	C:\WINDOWS\System32\NSI.dll
0x00007ffe5da50000 - 0x00007ffe5da8a000 	C:\WINDOWS\SYSTEM32\IPHLPAPI.DLL
0x00007ffe54dc0000 - 0x00007ffe54dca000 	C:\Windows\System32\rasadhlp.dll
0x00007ffe56110000 - 0x00007ffe56187000 	C:\WINDOWS\System32\fwpuclnt.dll
0x00007ffe5f200000 - 0x00007ffe5f226000 	C:\WINDOWS\System32\bcrypt.dll
0x00007ffe43840000 - 0x00007ffe43859000 	C:\Program Files\Java\jdk-13.0.1\bin\net.dll
0x00007ffe54fe0000 - 0x00007ffe550d0000 	C:\WINDOWS\SYSTEM32\WINHTTP.dll
0x00007ffe43820000 - 0x00007ffe43833000 	C:\Program Files\Java\jdk-13.0.1\bin\nio.dll
0x00007ffe46960000 - 0x00007ffe46969000 	C:\Program Files\Java\jdk-13.0.1\bin\management.dll
0x00007ffe43810000 - 0x00007ffe4381b000 	C:\Program Files\Java\jdk-13.0.1\bin\management_ext.dll
0x00007ffe55610000 - 0x00007ffe55626000 	C:\WINDOWS\system32\napinsp.dll
0x00007ffe55630000 - 0x00007ffe5564a000 	C:\WINDOWS\system32\pnrpnsp.dll
0x00007ffe59700000 - 0x00007ffe5970e000 	C:\WINDOWS\System32\winrnr.dll
0x00007ffe5ad10000 - 0x00007ffe5ad2c000 	C:\WINDOWS\system32\NLAapi.dll
0x00007ffe58350000 - 0x00007ffe58365000 	C:\WINDOWS\system32\wshbth.dll
0x00007ffe5d8b0000 - 0x00007ffe5d8e3000 	C:\WINDOWS\system32\rsaenh.dll
0x00007ffe5e3f0000 - 0x00007ffe5e415000 	C:\WINDOWS\SYSTEM32\USERENV.dll
0x00007ffe5df10000 - 0x00007ffe5df1c000 	C:\WINDOWS\SYSTEM32\CRYPTBASE.dll
0x00007ffe56270000 - 0x00007ffe56286000 	C:\WINDOWS\SYSTEM32\dhcpcsvc6.DLL
0x00007ffe56250000 - 0x00007ffe5626c000 	C:\WINDOWS\SYSTEM32\dhcpcsvc.DLL

dbghelp: loaded successfully - version: 4.0.5 - missing functions: none
symbol engine: initialized successfully - sym options: 0x614 - pdb path: .;C:\Program Files\Java\jdk-13.0.1\bin;C:\WINDOWS\SYSTEM32;C:\WINDOWS\WinSxS\amd64_microsoft.windows.common-controls_6595b64144ccf1df_6.0.18362.535_none_e6c3b34713100821;C:\Program Files\Java\jdk-13.0.1\bin\server

VM Arguments:
jvm_args: -agentlib:jdwp=transport=dt_socket,suspend=y,address=localhost:50858 -Dcom.sun.management.jmxremote -Dcom.sun.management.jmxremote.port=50856 -Dcom.sun.management.jmxremote.authenticate=false -Dcom.sun.management.jmxremote.ssl=false -Djava.rmi.server.hostname=localhost -Dspring.jmx.enabled=true -Dspring.application.admin.enabled=true -Xverify:none -XX:TieredStopAtLevel=1 -Dfile.encoding=UTF-8 
java_command: com.oussama.GestionMaladiesBackApplication
java_class_path (initial): D:\ISMAG\5eme\Projets\SpringAngular\gestionMaladiesBack\target\classes;C:\Users\Anonymous\.m2\repository\org\springframework\boot\spring-boot-starter-data-rest\2.2.2.RELEASE\spring-boot-starter-data-rest-2.2.2.RELEASE.jar;C:\Users\Anonymous\.m2\repository\org\springframework\data\spring-data-rest-webmvc\3.2.3.RELEASE\spring-data-rest-webmvc-3.2.3.RELEASE.jar;C:\Users\Anonymous\.m2\repository\org\springframework\data\spring-data-rest-core\3.2.3.RELEASE\spring-data-rest-core-3.2.3.RELEASE.jar;C:\Users\Anonymous\.m2\repository\org\springframework\hateoas\spring-hateoas\1.0.2.RELEASE\spring-hateoas-1.0.2.RELEASE.jar;C:\Users\Anonymous\.m2\repository\org\springframework\plugin\spring-plugin-core\2.0.0.RELEASE\spring-plugin-core-2.0.0.RELEASE.jar;C:\Users\Anonymous\.m2\repository\org\atteo\evo-inflector\1.2.2\evo-inflector-1.2.2.jar;C:\Users\Anonymous\.m2\repository\com\fasterxml\jackson\core\jackson-databind\2.10.1\jackson-databind-2.10.1.jar;C:\Users\Anonymous\.m2\repository\com\fasterxml\jackson\core\jackson-core\2.10.1\jackson-core-2.10.1.jar;C:\Users\Anonymous\.m2\repository\com\fasterxml\jackson\core\jackson-annotations\2.10.1\jackson-annotations-2.10.1.jar;C:\Users\Anonymous\.m2\repository\org\slf4j\slf4j-api\1.7.29\slf4j-api-1.7.29.jar;C:\Users\Anonymous\.m2\repository\org\springframework\boot\spring-boot-starter\2.2.2.RELEASE\spring-boot-starter-2.2.2.RELEASE.jar;C:\Users\Anonymous\.m2\repository\org\springframework\boot\spring-boot\2.2.2.RELEASE\spring-boot-2.2.2.RELEASE.jar;C:\Users\Anonymous\.m2\repository\org\springframework\boot\spring-boot-autoconfigure\2.2.2.RELEASE\spring-boot-autoconfigure-2.2.2.RELEASE.jar;C:\Users\Anonymous\.m2\repository\org\springframework\boot\spring-boot-starter-logging\2.2.2.RELEASE\spring-boot-starter-logging-2.2.2.RELEASE.jar;C:\Users\Anonymous\.m2\repository\ch\qos\logback\logback-classic\1.2.3\logback-classic-1.2.3.jar;C:\Users\Anonymous\.m2\repository\ch\qos\logback\logback-core\1.2.3\logback-core
Launcher Type: SUN_STANDARD

[Global flags]
     intx CICompilerCount                          = 3                                         {product} {ergonomic}
     uint ConcGCThreads                            = 1                                         {product} {ergonomic}
     uint G1ConcRefinementThreads                  = 4                                         {product} {ergonomic}
   size_t G1HeapRegionSize                         = 1048576                                   {product} {ergonomic}
    uintx GCDrainStackTargetSize                   = 64                                        {product} {ergonomic}
   size_t InitialHeapSize                          = 98566144                                  {product} {ergonomic}
     bool ManagementServer                         = true                                      {product} {command line}
   size_t MarkStackSize                            = 4194304                                   {product} {ergonomic}
   size_t MaxHeapSize                              = 1556086784                                {product} {ergonomic}
   size_t MaxNewSize                               = 933232640                                 {product} {ergonomic}
   size_t MinHeapDeltaBytes                        = 1048576                                   {product} {ergonomic}
   size_t MinHeapSize                              = 8388608                                   {product} {ergonomic}
    uintx NonNMethodCodeHeapSize                   = 6973028                                {pd product} {ergonomic}
    uintx NonProfiledCodeHeapSize                  = 244685212                              {pd product} {ergonomic}
    uintx ProfiledCodeHeapSize                     = 0                                      {pd product} {ergonomic}
    uintx ReservedCodeCacheSize                    = 251658240                              {pd product} {ergonomic}
     bool SegmentedCodeCache                       = true                                      {product} {ergonomic}
   size_t SoftMaxHeapSize                          = 1556086784                             {manageable} {ergonomic}
     intx TieredStopAtLevel                        = 1                                         {product} {command line}
     bool UseCompressedClassPointers               = true                                 {lp64_product} {ergonomic}
     bool UseCompressedOops                        = true                                 {lp64_product} {ergonomic}
     bool UseG1GC                                  = true                                      {product} {ergonomic}
     bool UseLargePagesIndividualAllocation        = false                                  {pd product} {ergonomic}

Logging:
Log output configuration:
 #0: stdout all=warning uptime,level,tags
 #1: stderr all=off uptime,level,tags

Environment Variables:
JAVA_HOME=C:\Program Files\Java\jdk-13.0.1\lib
PATH=C:/Program Files/Java/jre1.8.0_231/bin/server;C:/Program Files/Java/jre1.8.0_231/bin;C:/Program Files/Java/jre1.8.0_231/lib/amd64;C:\oraclexe\app\oracle\product\11.2.0\server\bin;C:\Program Files (x86)\Common Files\Oracle\Java\javapath;C:\WINDOWS\system32;C:\WINDOWS;C:\WINDOWS\System32\Wbem;C:\WINDOWS\System32\WindowsPowerShell\v1.0\;C:\Program Files\dotnet\;C:\Program Files\Microsoft SQL Server\130\Tools\Binn\;C:\Program Files\Microsoft SQL Server\120\DTS\Binn\;C:\Program Files\Microsoft SQL Server\Client SDK\ODBC\110\Tools\Binn\;C:\Program Files (x86)\Microsoft SQL Server\120\Tools\Binn\;C:\Program Files\Microsoft SQL Server\120\Tools\Binn\;C:\Program Files (x86)\Microsoft SQL Server\120\Tools\Binn\ManagementStudio\;C:\Program Files (x86)\Microsoft SQL Server\120\DTS\Binn\;C:\WINDOWS\System32\OpenSSH\;C:\Program Files\Git\cmd;C:\Program Files (x86)\Microsoft SQL Server\110\DTS\Binn\;C:\Program Files (x86)\Microsoft SQL Server\130\DTS\Binn\;C:\Program Files\nodejs\;C:\Program Files\Dart\dart-sdk\bin;D:\laragon\bin\php\php-7.2.11-Win32-VC15-x64;C:\composer;C:\Program Files\MySQL\MySQL Utilities 1.6\;C:\Users\Anonymous\AppData\Local\Programs\Python\Python37-32\Scripts\;C:\Users\Anonymous\AppData\Local\Programs\Python\Python37-32\;C:\Users\Anonymous\AppData\Local\Microsoft\WindowsApps;C:\Users\Anonymous\AppData\Local\Programs\Microsoft VS Code\bin;C:\Users\Anonymous\AppData\Roaming\Composer\vendor\bin;C:\Users\Anonymous\AppData\Roaming\npm;C:\Program Files\Dart\dart-sdk\bin;C:\src\flutter\bin;D:\laragon\bin\php;D:\laragon\bin\php\php-7.2.11-Win32-VC15-x64;C:\Program Files\Java\jdk-11.0.1\bin;C:\Program Files\Java\jdk-13.0.1\bin;;C:\Users\Anonymous\Desktop;
USERNAME=Anonymous
OS=Windows_NT
PROCESSOR_IDENTIFIER=Intel64 Family 6 Model 37 Stepping 5, GenuineIntel



---------------  S Y S T E M  ---------------

OS: Windows 10 , 64 bit Build 18362 (10.0.18362.329)

CPU:total 4 (initial active 4) (2 cores per cpu, 2 threads per core) family 6 model 37 stepping 5, cmov, cx8, fxsr, mmx, sse, sse2, sse3, ssse3, sse4.1, sse4.2, popcnt, aes, clmul, ht, tsc, tscinvbit

Memory: 4k page, system-wide physical 5935M (949M free)
TotalPageFile size 5935M (AvailPageFile size 20M)
current process WorkingSet (physical memory assigned to process): 145M, peak: 145M
current process commit charge ("private bytes"): 206M, peak: 225M

vm_info: Java HotSpot(TM) 64-Bit Server VM (13.0.1+9) for windows-amd64 JRE (13.0.1+9), built on Oct  6 2019 12:37:49 by "mach5one" with unknown MS VC++:1916

END.
